<?xml version="1.0" encoding="UTF-8"?>
<testsuite name="TestCases" tests="1" skipped="0" failures="0" errors="0" timestamp="2020-04-14T19:15:24" hostname="DESKTOP-PNBK60O" time="0.218">
  <properties/>
  <testcase name="checkTheNumOfRecordsReturnsHappy" classname="TestCases" time="0.218"/>
  <system-out><![CDATA[]]></system-out>
  <system-err><![CDATA[]]></system-err>
</testsuite>
